INFO:  latexindent version 3.9.2, 2021-04-06, a script to indent .tex files
       latexindent lives here: /usr/share/texlive/texmf-dist/scripts/latexindent/
       Fri Apr  7 12:14:27 2023
       Filename: /home/r1bbi/Documenti/latec/2022-2023/ELT-raddrizzatore-rl/raddrizzatore-mono.tex
INFO:  Processing switches:
INFO:  Directory for backup files and indent.log: /home/r1bbi/Documenti/latec/2022-2023/ELT-raddrizzatore-rl
INFO:  YAML settings read: defaultSettings.yaml
        Reading defaultSettings.yaml from /usr/share/texlive/texmf-dist/scripts/latexindent/defaultSettings.yaml
INFO:  YAML settings read: indentconfig.yaml or .indentconfig.yaml
       Home directory is /home/r1bbi (didn't find either indentconfig.yaml or .indentconfig.yaml)
       To specify user settings you would put indentconfig.yaml here: /home/r1bbi/indentconfig.yaml
       Alternatively, you can use the hidden file .indentconfig.yaml as: /home/r1bbi/.indentconfig.yaml
INFO:  Phase 1: searching for objects
INFO:  Phase 2: finding surrounding indentation
INFO:  Phase 3: indenting objects
INFO:  Phase 4: final indentation check
INFO:  Output routine:
       Not outputting to file; see -w and -o switches for more options.
       --------------
INFO:  Please direct all communication/issues to:
        https://github.com/cmhughes/latexindent.pl
